mode: set
github.com/bootcamp-go/desafio-cierre-testing/internal/products/handler.go:11.37,15.2 1 1
github.com/bootcamp-go/desafio-cierre-testing/internal/products/handler.go:17.49,19.20 2 1
github.com/bootcamp-go/desafio-cierre-testing/internal/products/handler.go:23.2,24.16 2 1
github.com/bootcamp-go/desafio-cierre-testing/internal/products/handler.go:28.2,28.25 1 1
github.com/bootcamp-go/desafio-cierre-testing/internal/products/handler.go:19.20,22.3 2 0
github.com/bootcamp-go/desafio-cierre-testing/internal/products/handler.go:24.16,27.3 2 0
github.com/bootcamp-go/desafio-cierre-testing/internal/products/repository.go:13.47,15.2 1 1
github.com/bootcamp-go/desafio-cierre-testing/internal/products/repository.go:17.73,20.16 3 1
github.com/bootcamp-go/desafio-cierre-testing/internal/products/repository.go:24.2,25.35 2 1
github.com/bootcamp-go/desafio-cierre-testing/internal/products/repository.go:31.2,31.30 1 1
github.com/bootcamp-go/desafio-cierre-testing/internal/products/repository.go:20.16,22.3 1 1
github.com/bootcamp-go/desafio-cierre-testing/internal/products/repository.go:25.35,26.35 1 1
github.com/bootcamp-go/desafio-cierre-testing/internal/products/repository.go:26.35,28.4 1 1
github.com/bootcamp-go/desafio-cierre-testing/internal/products/service.go:13.42,17.2 1 1
github.com/bootcamp-go/desafio-cierre-testing/internal/products/service.go:19.70,21.16 2 1
github.com/bootcamp-go/desafio-cierre-testing/internal/products/service.go:25.2,25.18 1 1
github.com/bootcamp-go/desafio-cierre-testing/internal/products/service.go:21.16,24.3 2 1
